app/build/outputs/logs/manifest-merger-debug-report.txt
-- Merging decision tree log ---
manifest
ADDED from AndroidManifest.xml:2:1
	package
		ADDED from AndroidManifest.xml:3:5
		INJECTED from AndroidManifest.xml:0:0
		INJECTED from AndroidManifest.xml:0:0
	android:versionName
		ADDED from AndroidManifest.xml:5:5
	android:versionCode
		ADDED from AndroidManifest.xml:4:5
		INJECTED from AndroidManifest.xml:0:0
		INJECTED from AndroidManifest.xml:0:0
	xmlns:android
		ADDED from AndroidManifest.xml:2:11
uses-permission#android.permission.INTERNET
ADDED from AndroidManifest.xml:7:5
	android:name
		ADDED from AndroidManifest.xml:7:22
uses-permission#android.permission.BLUETOOTH
ADDED from AndroidManifest.xml:8:5
	android:name
		ADDED from AndroidManifest.xml:8:22
uses-sdk
ADDED from AndroidManifest.xml:9:5
MERGED from com.facebook.android:facebook-android-sdk:4.10.0:24:5
MERGED from com.android.support:support-v4:23.1.1:20:5
MERGED from com.android.support:cardview-v7:23.1.1:20:5
	android:targetSdkVersion
		ADDED from AndroidManifest.xml:11:9
		INJECTED from AndroidManifest.xml:0:0
		INJECTED from AndroidManifest.xml:0:0
	android:minSdkVersion
		ADDED from AndroidManifest.xml:10:9
		INJECTED from AndroidManifest.xml:0:0
		INJECTED from AndroidManifest.xml:0:0
application
ADDED from AndroidManifest.xml:13:5
MERGED from com.facebook.android:facebook-android-sdk:4.10.0:28:5
MERGED from com.android.support:support-v4:23.1.1:22:5
MERGED from com.android.support:cardview-v7:23.1.1:22:5
	android:label
		ADDED from AndroidManifest.xml:17:9
	android:allowBackup
		ADDED from AndroidManifest.xml:14:9
	android:icon
		ADDED from AndroidManifest.xml:15:9
	android:theme
		ADDED from AndroidManifest.xml:18:9
	android:logo
		ADDED from AndroidManifest.xml:16:9
meta-data#com.facebook.sdk.ApplicationId
ADDED from AndroidManifest.xml:19:9
	android:value
		ADDED from AndroidManifest.xml:21:13
	android:name
		ADDED from AndroidManifest.xml:20:13
activity#com.example.ex_seat.WelcomeActivity
ADDED from AndroidManifest.xml:22:9
	android:label
		ADDED from AndroidManifest.xml:24:13
	android:name
		ADDED from AndroidManifest.xml:23:13
intent-filter#android.intent.action.MAIN+android.intent.category.LAUNCHER
ADDED from AndroidManifest.xml:25:13
action#android.intent.action.MAIN
ADDED from AndroidManifest.xml:26:17
	android:name
		ADDED from AndroidManifest.xml:26:25
category#android.intent.category.LAUNCHER
ADDED from AndroidManifest.xml:28:17
	android:name
		ADDED from AndroidManifest.xml:28:27
activity#com.example.ex_seat.MainActivity
ADDED from AndroidManifest.xml:31:9
	android:name
		ADDED from AndroidManifest.xml:31:19
activity#com.facebook.FacebookActivity
ADDED from AndroidManifest.xml:32:9
	android:label
		ADDED from AndroidManifest.xml:35:11
	android:configChanges
		ADDED from AndroidManifest.xml:33:11
	android:theme
		ADDED from AndroidManifest.xml:34:11
	android:name
		ADDED from AndroidManifest.xml:32:19